<?xml version="1.0" encoding="UTF-8"?>
<testsuite name="com.uptimecrew.expense.service.MerchantNameClassifierTest" tests="8" skipped="0" failures="0" errors="0" timestamp="2026-06-03T19:27:22.589Z" hostname="DESKTOP-JB49I2B" time="0.008">
  <properties/>
  <testcase name="classifyIsCaseInsensitive()" classname="com.uptimecrew.expense.service.MerchantNameClassifierTest" time="0.001"/>
  <testcase name="airlineMerchantClassifiedAsTravel()" classname="com.uptimecrew.expense.service.MerchantNameClassifierTest" time="0.001"/>
  <testcase name="classifyReturnsExpenseCategoryInstance()" classname="com.uptimecrew.expense.service.MerchantNameClassifierTest" time="0.001"/>
  <testcase name="nullKeywordMapThrowsNullPointerException()" classname="com.uptimecrew.expense.service.MerchantNameClassifierTest" time="0.0"/>
  <testcase name="nullTransactionThrowsNullPointerException()" classname="com.uptimecrew.expense.service.MerchantNameClassifierTest" time="0.0"/>
  <testcase name="restaurantMerchantClassifiedAsMeals()" classname="com.uptimecrew.expense.service.MerchantNameClassifierTest" time="0.0"/>
  <testcase name="unknownMerchantReturnsNull()" classname="com.uptimecrew.expense.service.MerchantNameClassifierTest" time="0.001"/>
  <testcase name="customMapIsRespected()" classname="com.uptimecrew.expense.service.MerchantNameClassifierTest" time="0.001"/>
  <system-out><![CDATA[]]></system-out>
  <system-err><![CDATA[]]></system-err>
</testsuite>
