<?xml version="1.0" encoding="UTF-8"?>
<testsuite name="com.uptimecrew.expense.model.TransactionDraftTest" tests="4" skipped="0" failures="0" errors="0" timestamp="2026-06-03T19:27:22.576Z" hostname="DESKTOP-JB49I2B" time="0.005">
  <properties/>
  <testcase name="constructs_with_valid_inputs()" classname="com.uptimecrew.expense.model.TransactionDraftTest" time="0.003"/>
  <testcase name="rejects_null_merchantName()" classname="com.uptimecrew.expense.model.TransactionDraftTest" time="0.001"/>
  <testcase name="rejects_negative_amount()" classname="com.uptimecrew.expense.model.TransactionDraftTest" time="0.001"/>
  <testcase name="equal_instances_have_equal_hashcodes()" classname="com.uptimecrew.expense.model.TransactionDraftTest" time="0.0"/>
  <system-out><![CDATA[]]></system-out>
  <system-err><![CDATA[]]></system-err>
</testsuite>
